{"name":"Run Cucumber Scenarios","status":"skipped","statusDetails":{"known":false,"muted":false,"flaky":false,"message":"com.google.gson.JsonSyntaxException: java.lang.IllegalStateException: Expected BEGIN_ARRAY but was BEGIN_OBJECT at line 1 column 2 path $","trace":"java.lang.RuntimeException: com.google.gson.JsonSyntaxException: java.lang.IllegalStateException: Expected BEGIN_ARRAY but was BEGIN_OBJECT at line 1 column 2 path $\r\n\tat org.testng.internal.MethodInvocationHelper.invokeMethodNoCheckedException(MethodInvocationHelper.java:49)\r\n\tat org.testng.internal.MethodInvocationHelper.invokeDataProvider(MethodInvocationHelper.java:131)\r\n\tat org.testng.internal.Parameters.handleParameters(Parameters.java:706)\r\n\tat org.testng.internal.ParameterHandler.handleParameters(ParameterHandler.java:49)\r\n\tat org.testng.internal.ParameterHandler.createParameters(ParameterHandler.java:37)\r\n\tat org.testng.internal.Invoker.invokeTestMethods(Invoker.java:924)\r\n\tat org.testng.internal.TestMethodWorker.invokeTestMethods(TestMethodWorker.java:125)\r\n\tat org.testng.internal.TestMethodWorker.run(TestMethodWorker.java:109)\r\n\tat org.testng.TestRunner.privateRun(TestRunner.java:648)\r\n\tat org.testng.TestRunner.run(TestRunner.java:505)\r\n\tat org.testng.SuiteRunner.runTest(SuiteRunner.java:455)\r\n\tat org.testng.SuiteRunner.runSequentially(SuiteRunner.java:450)\r\n\tat org.testng.SuiteRunner.privateRun(SuiteRunner.java:415)\r\n\tat org.testng.SuiteRunner.run(SuiteRunner.java:364)\r\n\tat org.testng.SuiteRunnerWorker.runSuite(SuiteRunnerWorker.java:52)\r\n\tat org.testng.SuiteRunnerWorker.run(SuiteRunnerWorker.java:84)\r\n\tat org.testng.TestNG.runSuitesSequentially(TestNG.java:1208)\r\n\tat org.testng.TestNG.runSuitesLocally(TestNG.java:1137)\r\n\tat org.testng.TestNG.runSuites(TestNG.java:1049)\r\n\tat org.testng.TestNG.run(TestNG.java:1017)\r\n\tat com.intellij.rt.testng.IDEARemoteTestNG.run(IDEARemoteTestNG.java:66)\r\n\tat com.intellij.rt.testng.RemoteTestNGStarter.main(RemoteTestNGStarter.java:109)\r\nCaused by: com.google.gson.JsonSyntaxException: java.lang.IllegalStateException: Expected BEGIN_ARRAY but was BEGIN_OBJECT at line 1 column 2 path $\r\n\tat com.google.gson.Gson.fromJson(Gson.java:939)\r\n\tat com.google.gson.Gson.fromJson(Gson.java:865)\r\n\tat library.common.JSONHelper.getJSONAsListOfMaps(JSONHelper.java:76)\r\n\tat library.cucumber.selenium.BaseTest.techStackJSON(BaseTest.java:37)\r\n\tat library.cucumber.selenium.BaseTest.combineDataProvider(BaseTest.java:84)\r\n\tat java.base/jdk.internal.reflect.NativeMethodAccessorImpl.invoke0(Native Method)\r\n\tat java.base/jdk.internal.reflect.NativeMethodAccessorImpl.invoke(NativeMethodAccessorImpl.java:64)\r\n\tat java.base/jdk.internal.reflect.DelegatingMethodAccessorImpl.invoke(DelegatingMethodAccessorImpl.java:43)\r\n\tat java.base/java.lang.reflect.Method.invoke(Method.java:564)\r\n\tat org.testng.internal.MethodInvocationHelper.invokeMethod(MethodInvocationHelper.java:124)\r\n\tat org.testng.internal.MethodInvocationHelper.invokeMethod(MethodInvocationHelper.java:74)\r\n\tat org.testng.internal.MethodInvocationHelper.invokeMethodNoCheckedException(MethodInvocationHelper.java:45)\r\n\t... 21 more\r\nCaused by: java.lang.IllegalStateException: Expected BEGIN_ARRAY but was BEGIN_OBJECT at line 1 column 2 path $\r\n\tat com.google.gson.stream.JsonReader.beginArray(JsonReader.java:350)\r\n\tat com.google.gson.internal.bind.CollectionTypeAdapterFactory$Adapter.read(CollectionTypeAdapterFactory.java:80)\r\n\tat com.google.gson.internal.bind.CollectionTypeAdapterFactory$Adapter.read(CollectionTypeAdapterFactory.java:61)\r\n\tat com.google.gson.Gson.fromJson(Gson.java:927)\r\n\t... 32 more\r\n"},"stage":"finished","steps":[],"attachments":[],"parameters":[],"start":1611896241238,"stop":1611896241254,"uuid":"c0238316-39fd-4d29-8775-80df77308fce","historyId":"aeff7bc4995ad34d7dd031aebc7f9465","fullName":"library.cucumber.selenium.BaseTest.scenario","labels":[{"name":"package","value":"runners.RegressionRunner"},{"name":"testClass","value":"runners.RegressionRunner"},{"name":"testMethod","value":"scenario"},{"name":"parentSuite","value":"Default Suite"},{"name":"suite","value":"automation-framework-bdd"},{"name":"subSuite","value":"runners.RegressionRunner"},{"name":"host","value":"Ajay-PC"},{"name":"thread","value":"2476@Ajay-PC.main(1)"},{"name":"framework","value":"testng"},{"name":"language","value":"java"}],"links":[]}