{"name":"Facebook Registration","status":"broken","statusDetails":{"known":false,"muted":false,"flaky":false,"message":"Step [^the user validate that the value: (.+) is present in the column: (.+) in the table where table locator: (.+) header locator: (.+) rows locator: (.+) and column locator (.+) at the page (.+)$] is defined with 6 parameters at 'library.cucumber.steps.Steps_Select.validateTextFoundInColumAtPage(String,String,String,String,String,String) in file:/C:/Users/Ajay%20Kumar/IdeaProjects/cucumber-automation-framework-develop/target/classes/'.\nHowever, the gherkin step has 7 arguments:\n * 5338429106\n * Phone\n * tableLoc\n * headerLoc\n * rowLoc\n * colLoc\n * LoginPage\nStep text: the user validate that the value: 5338429106 is present in the column: Phone in the table where table locator: tableLoc header locator: headerLoc rows locator: rowLoc and column locator colLoc at the page LoginPage","trace":"cucumber.runtime.CucumberException: Step [^the user validate that the value: (.+) is present in the column: (.+) in the table where table locator: (.+) header locator: (.+) rows locator: (.+) and column locator (.+) at the page (.+)$] is defined with 6 parameters at 'library.cucumber.steps.Steps_Select.validateTextFoundInColumAtPage(String,String,String,String,String,String) in file:/C:/Users/Ajay%20Kumar/IdeaProjects/cucumber-automation-framework-develop/target/classes/'.\nHowever, the gherkin step has 7 arguments:\n * 5338429106\n * Phone\n * tableLoc\n * headerLoc\n * rowLoc\n * colLoc\n * LoginPage\nStep text: the user validate that the value: 5338429106 is present in the column: Phone in the table where table locator: tableLoc header locator: headerLoc rows locator: rowLoc and column locator colLoc at the page LoginPage\r\n\tat cucumber.runner.PickleStepDefinitionMatch.arityMismatch(PickleStepDefinitionMatch.java:84)\r\n\tat cucumber.runner.PickleStepDefinitionMatch.runStep(PickleStepDefinitionMatch.java:36)\r\n\tat cucumber.runner.TestStep.executeStep(TestStep.java:65)\r\n\tat cucumber.runner.TestStep.run(TestStep.java:50)\r\n\tat cucumber.runner.PickleStepTestStep.run(PickleStepTestStep.java:43)\r\n\tat cucumber.runner.TestCase.run(TestCase.java:46)\r\n\tat cucumber.runner.Runner.runPickle(Runner.java:50)\r\n\tat io.cucumber.testng.TestNGCucumberRunner.runScenario(TestNGCucumberRunner.java:79)\r\n\tat library.cucumber.common.CucumberBaseTest.scenario(CucumberBaseTest.java:30)\r\n\tat sun.reflect.NativeMethodAccessorImpl.invoke0(Native Method)\r\n\tat sun.reflect.NativeMethodAccessorImpl.invoke(NativeMethodAccessorImpl.java:62)\r\n\tat sun.reflect.DelegatingMethodAccessorImpl.invoke(DelegatingMethodAccessorImpl.java:43)\r\n\tat java.lang.reflect.Method.invoke(Method.java:498)\r\n\tat org.testng.internal.MethodInvocationHelper.invokeMethod(MethodInvocationHelper.java:133)\r\n\tat org.testng.internal.TestInvoker.invokeMethod(TestInvoker.java:584)\r\n\tat org.testng.internal.TestInvoker.invokeTestMethod(TestInvoker.java:172)\r\n\tat org.testng.internal.TestMethodWithDataProviderMethodWorker.call(TestMethodWithDataProviderMethodWorker.java:77)\r\n\tat org.testng.internal.TestMethodWithDataProviderMethodWorker.call(TestMethodWithDataProviderMethodWorker.java:15)\r\n\tat java.util.concurrent.FutureTask.run$$$capture(FutureTask.java:266)\r\n\tat java.util.concurrent.FutureTask.run(FutureTask.java)\r\n\tat java.util.concurrent.Executors$RunnableAdapter.call(Executors.java:511)\r\n\tat java.util.concurrent.FutureTask.run$$$capture(FutureTask.java:266)\r\n\tat java.util.concurrent.FutureTask.run(FutureTask.java)\r\n\tat java.util.concurrent.ThreadPoolExecutor.runWorker(ThreadPoolExecutor.java:1149)\r\n\tat java.util.concurrent.ThreadPoolExecutor$Worker.run(ThreadPoolExecutor.java:624)\r\n\tat java.lang.Thread.run(Thread.java:748)\r\n"},"stage":"finished","description":"  Validating login functionality","steps":[{"name":"Given  the user launch the \"facebook\" application in new window","status":"passed","statusDetails":{"known":false,"muted":false,"flaky":false},"stage":"finished","steps":[{"name":"application \"http://demo.automationtesting.in/WebTable.html\" launched in new window","status":"skipped","stage":"finished","steps":[],"attachments":[],"parameters":[],"start":1585925084730,"stop":1585925084730}],"attachments":[],"parameters":[],"start":1585925055398,"stop":1585925084738},{"name":"Then  the user wait for page to load","status":"passed","statusDetails":{"known":false,"muted":false,"flaky":false},"stage":"finished","steps":[],"attachments":[],"parameters":[],"start":1585925084738,"stop":1585925084754},{"name":"Then  the user validate that the value: 5338429106 is present in the column: Phone in the table where table locator: tableLoc header locator: headerLoc rows locator: rowLoc and column locator colLoc at the page LoginPage","status":"broken","statusDetails":{"known":false,"muted":false,"flaky":false,"message":"Step [^the user validate that the value: (.+) is present in the column: (.+) in the table where table locator: (.+) header locator: (.+) rows locator: (.+) and column locator (.+) at the page (.+)$] is defined with 6 parameters at 'library.cucumber.steps.Steps_Select.validateTextFoundInColumAtPage(String,String,String,String,String,String) in file:/C:/Users/Ajay%20Kumar/IdeaProjects/cucumber-automation-framework-develop/target/classes/'.\nHowever, the gherkin step has 7 arguments:\n * 5338429106\n * Phone\n * tableLoc\n * headerLoc\n * rowLoc\n * colLoc\n * LoginPage\nStep text: the user validate that the value: 5338429106 is present in the column: Phone in the table where table locator: tableLoc header locator: headerLoc rows locator: rowLoc and column locator colLoc at the page LoginPage","trace":"cucumber.runtime.CucumberException: Step [^the user validate that the value: (.+) is present in the column: (.+) in the table where table locator: (.+) header locator: (.+) rows locator: (.+) and column locator (.+) at the page (.+)$] is defined with 6 parameters at 'library.cucumber.steps.Steps_Select.validateTextFoundInColumAtPage(String,String,String,String,String,String) in file:/C:/Users/Ajay%20Kumar/IdeaProjects/cucumber-automation-framework-develop/target/classes/'.\nHowever, the gherkin step has 7 arguments:\n * 5338429106\n * Phone\n * tableLoc\n * headerLoc\n * rowLoc\n * colLoc\n * LoginPage\nStep text: the user validate that the value: 5338429106 is present in the column: Phone in the table where table locator: tableLoc header locator: headerLoc rows locator: rowLoc and column locator colLoc at the page LoginPage\r\n\tat cucumber.runner.PickleStepDefinitionMatch.arityMismatch(PickleStepDefinitionMatch.java:84)\r\n\tat cucumber.runner.PickleStepDefinitionMatch.runStep(PickleStepDefinitionMatch.java:36)\r\n\tat cucumber.runner.TestStep.executeStep(TestStep.java:65)\r\n\tat cucumber.runner.TestStep.run(TestStep.java:50)\r\n\tat cucumber.runner.PickleStepTestStep.run(PickleStepTestStep.java:43)\r\n\tat cucumber.runner.TestCase.run(TestCase.java:46)\r\n\tat cucumber.runner.Runner.runPickle(Runner.java:50)\r\n\tat io.cucumber.testng.TestNGCucumberRunner.runScenario(TestNGCucumberRunner.java:79)\r\n\tat library.cucumber.common.CucumberBaseTest.scenario(CucumberBaseTest.java:30)\r\n\tat sun.reflect.NativeMethodAccessorImpl.invoke0(Native Method)\r\n\tat sun.reflect.NativeMethodAccessorImpl.invoke(NativeMethodAccessorImpl.java:62)\r\n\tat sun.reflect.DelegatingMethodAccessorImpl.invoke(DelegatingMethodAccessorImpl.java:43)\r\n\tat java.lang.reflect.Method.invoke(Method.java:498)\r\n\tat org.testng.internal.MethodInvocationHelper.invokeMethod(MethodInvocationHelper.java:133)\r\n\tat org.testng.internal.TestInvoker.invokeMethod(TestInvoker.java:584)\r\n\tat org.testng.internal.TestInvoker.invokeTestMethod(TestInvoker.java:172)\r\n\tat org.testng.internal.TestMethodWithDataProviderMethodWorker.call(TestMethodWithDataProviderMethodWorker.java:77)\r\n\tat org.testng.internal.TestMethodWithDataProviderMethodWorker.call(TestMethodWithDataProviderMethodWorker.java:15)\r\n\tat java.util.concurrent.FutureTask.run$$$capture(FutureTask.java:266)\r\n\tat java.util.concurrent.FutureTask.run(FutureTask.java)\r\n\tat java.util.concurrent.Executors$RunnableAdapter.call(Executors.java:511)\r\n\tat java.util.concurrent.FutureTask.run$$$capture(FutureTask.java:266)\r\n\tat java.util.concurrent.FutureTask.run(FutureTask.java)\r\n\tat java.util.concurrent.ThreadPoolExecutor.runWorker(ThreadPoolExecutor.java:1149)\r\n\tat java.util.concurrent.ThreadPoolExecutor$Worker.run(ThreadPoolExecutor.java:624)\r\n\tat java.lang.Thread.run(Thread.java:748)\r\n"},"stage":"finished","steps":[],"attachments":[],"parameters":[],"start":1585925084754,"stop":1585925084811}],"attachments":[],"parameters":[],"start":1585925055121,"stop":1585925087946,"uuid":"cf004d3b-16a1-4e16-a980-2c5c573f5f72","historyId":"f5cb8ed25e0d8d136a7b01e60ac26b8f","fullName":"Login Validation: Facebook Registration","labels":[{"name":"tag","value":"SmokeSuite"},{"name":"tag","value":"Scenario1"},{"name":"host","value":"LAPTOP-6FNG226P"},{"name":"thread","value":"18500@LAPTOP-6FNG226P.TestNG-PoolService-0(14)"},{"name":"feature","value":"Login Validation"},{"name":"story","value":"Facebook Registration"},{"name":"suite","value":"Login Validation"},{"name":"testClass","value":"Facebook Registration"},{"name":"framework","value":"cucumber4jvm"},{"name":"language","value":"java"},{"name":"gherkin_uri","value":"classpath:features/Login.feature"},{"name":"package","value":"features.Login_feature.Login Validation"}],"links":[]}